<?xml version="1.0" encoding="UTF-8"?>
<testng-results skipped="0" failed="0" ignored="0" total="1" passed="1">
  <reporter-output>
  </reporter-output>
  <suite name="Default suite" duration-ms="54" started-at="2019-08-22T07:29:47Z" finished-at="2019-08-22T07:29:47Z">
    <groups>
    </groups>
    <test name="Default test" duration-ms="54" started-at="2019-08-22T07:29:47Z" finished-at="2019-08-22T07:29:47Z">
      <class name="com.netease.qy.NewTest1">
        <test-method status="PASS" signature="beforeClass()[pri:0, instance:com.netease.qy.NewTest1@548a9f61]" name="beforeClass" is-config="true" duration-ms="18" started-at="2019-08-22T07:29:47Z" finished-at="2019-08-22T07:29:47Z">
          <reporter-output>
          </reporter-output>
        </test-method> <!-- beforeClass -->
        <test-method status="PASS" signature="f()[pri:0, instance:com.netease.qy.NewTest1@548a9f61]" name="f" duration-ms="4" started-at="2019-08-22T07:29:47Z" finished-at="2019-08-22T07:29:47Z">
          <reporter-output>
          </reporter-output>
        </test-method> <!-- f -->
        <test-method status="PASS" signature="afterClass()[pri:0, instance:com.netease.qy.NewTest1@548a9f61]" name="afterClass" is-config="true" duration-ms="0" started-at="2019-08-22T07:29:47Z" finished-at="2019-08-22T07:29:47Z">
          <reporter-output>
          </reporter-output>
        </test-method> <!-- afterClass -->
      </class> <!-- com.netease.qy.NewTest1 -->
    </test> <!-- Default test -->
  </suite> <!-- Default suite -->
</testng-results>
